2023-12-15 17:42:22,793 [Worker-7: Loading available Gradle versions] INFO  o.e.b.c.i.u.g.PublishedGradleVersions - Gradle version information cache is up-to-date. Trying to read.
2023-12-15 17:42:47,990 [Worker-18: Importing Maven projects] INFO  o.e.m.c.i.l.LifecycleMappingFactory - Using org.eclipse.m2e.jdt.JarLifecycleMapping lifecycle mapping for MavenProject: com.example:demo:0.0.1-SNAPSHOT @ C:\Users\luanh\OneDrive\햞ea de Trabalho\Trabalho final 1812\LuanSC\API\test-main\Imovel-main\Imovel-main\imovel\pom.xml.
2023-12-15 17:42:49,412 [Worker-18: Importing Maven projects] INFO  o.e.m.j.i.AbstractJavaProjectConfigurator - Adding source folder /demo/src/main/java
2023-12-15 17:42:49,412 [Worker-18: Importing Maven projects] INFO  o.e.m.j.i.AbstractJavaProjectConfigurator - Adding resource folder /demo/src/main/resources
2023-12-15 17:42:49,421 [Worker-18: Importing Maven projects] INFO  o.e.m.j.i.AbstractJavaProjectConfigurator - Adding resource folder /demo/src/main/resources
2023-12-15 17:42:49,431 [Worker-18: Importing Maven projects] INFO  o.e.m.j.i.AbstractJavaProjectConfigurator - Adding source folder /demo/src/test/java
2023-12-15 17:42:49,431 [Worker-18: Importing Maven projects] INFO  o.e.m.j.i.AbstractJavaProjectConfigurator - Adding resource folder /demo/src/test/resources
2023-12-15 17:42:49,999 [Worker-18: Importing Maven projects] INFO  o.e.m.c.i.p.ProjectConfigurationManager - Imported and configured 1 project(s) in 4 sec
2023-12-15 17:42:50,674 [Worker-11: Building] INFO  o.a.m.s.f.DefaultMavenResourcesFiltering - Copying 1 resource from src\main\resources to target\classes
2023-12-15 17:42:50,688 [Worker-11: Building] INFO  o.a.m.s.f.DefaultMavenResourcesFiltering - Copying 1 resource from src\main\resources to target\classes
2023-12-15 17:42:50,695 [Worker-11: Building] INFO  o.a.m.s.f.DefaultMavenResourcesFiltering - skip non existing resourceDirectory C:\Users\luanh\OneDrive\햞ea de Trabalho\Trabalho final 1812\LuanSC\API\test-main\Imovel-main\Imovel-main\imovel\src\test\resources
2023-12-16 06:25:42,924 [Worker-2: Loading available Gradle versions] INFO  o.e.b.c.i.u.g.PublishedGradleVersions - Gradle version information cache is up-to-date. Trying to read.
2023-12-16 06:51:10,189 [Worker-29: Launching ImovelApplication] INFO  o.a.m.s.f.DefaultMavenResourcesFiltering - Copying 1 resource from src\main\resources to target\classes
2023-12-16 06:51:10,206 [Worker-29: Launching ImovelApplication] INFO  o.a.m.s.f.DefaultMavenResourcesFiltering - Copying 1 resource from src\main\resources to target\classes
2023-12-16 06:51:10,213 [Worker-29: Launching ImovelApplication] INFO  o.a.m.s.f.DefaultMavenResourcesFiltering - skip non existing resourceDirectory C:\Users\luanh\OneDrive\햞ea de Trabalho\Trabalho final 1812\LuanSC\API\test-main\Imovel-main\Imovel-main\imovel\src\test\resources
2023-12-16 09:22:04,016 [Worker-43: Building] INFO  o.a.m.s.f.DefaultMavenResourcesFiltering - Copying 1 resource from src\main\resources to target\classes
2023-12-16 09:22:04,028 [Worker-43: Building] INFO  o.a.m.s.f.DefaultMavenResourcesFiltering - Copying 0 resource from src\main\resources to target\classes
2023-12-16 09:22:04,036 [Worker-43: Building] INFO  o.a.m.s.f.DefaultMavenResourcesFiltering - skip non existing resourceDirectory C:\Users\luanh\OneDrive\햞ea de Trabalho\Trabalho final 1812\LuanSC\API\test-main\Imovel-main\Imovel-main\imovel\src\test\resources
2023-12-16 12:55:11,937 [Worker-53: Building] INFO  o.a.m.s.f.DefaultMavenResourcesFiltering - Copying 1 resource from src\main\resources to target\classes
2023-12-16 12:55:11,942 [Worker-53: Building] INFO  o.a.m.s.f.DefaultMavenResourcesFiltering - Copying 1 resource from src\main\resources to target\classes
2023-12-16 12:55:11,946 [Worker-53: Building] INFO  o.a.m.s.f.DefaultMavenResourcesFiltering - skip non existing resourceDirectory C:\Users\luanh\OneDrive\햞ea de Trabalho\Trabalho final 1812\LuanSC\API\test-main\Imovel-main\Imovel-main\imovel\src\test\resources
2023-12-17 18:21:52,600 [Worker-2: Loading available Gradle versions] INFO  o.e.b.c.i.u.g.PublishedGradleVersions - Gradle version information cache is up-to-date. Trying to read.
2023-12-17 20:11:40,590 [Worker-0: Launching ImovelApplication] INFO  o.a.m.s.f.DefaultMavenResourcesFiltering - Copying 1 resource from src\main\resources to target\classes
2023-12-17 20:11:40,607 [Worker-0: Launching ImovelApplication] INFO  o.a.m.s.f.DefaultMavenResourcesFiltering - Copying 1 resource from src\main\resources to target\classes
2023-12-17 20:11:40,613 [Worker-0: Launching ImovelApplication] INFO  o.a.m.s.f.DefaultMavenResourcesFiltering - skip non existing resourceDirectory C:\Users\luanh\OneDrive\햞ea de Trabalho\Trabalho final 1812\LuanSC\API\test-main\Imovel-main\Imovel-main\imovel\src\test\resources
2023-12-17 22:31:31,350 [Worker-41: Launching ImovelApplication] INFO  o.a.m.s.f.DefaultMavenResourcesFiltering - Copying 1 resource from src\main\resources to target\classes
2023-12-17 22:31:31,362 [Worker-41: Launching ImovelApplication] INFO  o.a.m.s.f.DefaultMavenResourcesFiltering - Copying 1 resource from src\main\resources to target\classes
2023-12-17 22:31:31,366 [Worker-41: Launching ImovelApplication] INFO  o.a.m.s.f.DefaultMavenResourcesFiltering - skip non existing resourceDirectory C:\Users\luanh\OneDrive\햞ea de Trabalho\Trabalho final 1812\LuanSC\API\test-main\Imovel-main\Imovel-main\imovel\src\test\resources
2023-12-18 15:27:05,714 [Worker-1: Loading available Gradle versions] INFO  o.e.b.c.i.u.g.PublishedGradleVersions - Gradle version information cache is up-to-date. Trying to read.
2023-12-18 15:27:07,699 [Worker-0: Building] INFO  o.a.m.s.f.DefaultMavenResourcesFiltering - Copying 1 resource from src\main\resources to target\classes
2023-12-18 15:27:07,712 [Worker-0: Building] INFO  o.a.m.s.f.DefaultMavenResourcesFiltering - Copying 1 resource from src\main\resources to target\classes
2023-12-18 15:27:07,719 [Worker-0: Building] INFO  o.a.m.s.f.DefaultMavenResourcesFiltering - skip non existing resourceDirectory C:\Users\luanh\OneDrive\햞ea de Trabalho\Trabalho final 1812\LuanSC\API\test-main\Imovel-main\Imovel-main\imovel\src\test\resources
2023-12-18 15:34:06,617 [Worker-3: Building] INFO  o.a.m.s.f.DefaultMavenResourcesFiltering - Copying 1 resource from src\main\resources to target\classes
2023-12-18 15:34:06,623 [Worker-3: Building] INFO  o.a.m.s.f.DefaultMavenResourcesFiltering - Copying 1 resource from src\main\resources to target\classes
2023-12-18 15:34:06,626 [Worker-3: Building] INFO  o.a.m.s.f.DefaultMavenResourcesFiltering - skip non existing resourceDirectory C:\Users\luanh\OneDrive\햞ea de Trabalho\Trabalho final 1812\LuanSC\API\test-main\Imovel-main\Imovel-main\imovel\src\test\resources
2023-12-18 16:09:38,951 [Worker-36: Building] INFO  o.a.m.s.f.DefaultMavenResourcesFiltering - Copying 1 resource from src\main\resources to target\classes
2023-12-18 16:09:38,955 [Worker-36: Building] INFO  o.a.m.s.f.DefaultMavenResourcesFiltering - Copying 1 resource from src\main\resources to target\classes
2023-12-18 16:09:38,958 [Worker-36: Building] INFO  o.a.m.s.f.DefaultMavenResourcesFiltering - skip non existing resourceDirectory C:\Users\luanh\OneDrive\햞ea de Trabalho\Trabalho final 1812\LuanSC\API\test-main\Imovel-main\Imovel-main\imovel\src\test\resources
2023-12-18 16:12:08,310 [Worker-44: Building] INFO  o.e.m.c.i.l.LifecycleMappingFactory - Using org.eclipse.m2e.jdt.JarLifecycleMapping lifecycle mapping for MavenProject: com.example:demo:0.0.1-SNAPSHOT @ C:\Users\luanh\OneDrive\햞ea de Trabalho\Trabalho final 1812\LuanSC\API\test-main\Imovel-main\Imovel-main\imovel\pom.xml.
2023-12-18 16:12:08,785 [Worker-44: Building] INFO  o.a.m.s.f.DefaultMavenResourcesFiltering - Copying 1 resource from src\main\resources to target\classes
2023-12-18 16:12:08,793 [Worker-44: Building] INFO  o.a.m.s.f.DefaultMavenResourcesFiltering - Copying 1 resource from src\main\resources to target\classes
2023-12-18 16:12:08,797 [Worker-44: Building] INFO  o.a.m.s.f.DefaultMavenResourcesFiltering - skip non existing resourceDirectory C:\Users\luanh\OneDrive\햞ea de Trabalho\Trabalho final 1812\LuanSC\API\test-main\Imovel-main\Imovel-main\imovel\src\test\resources
